2022-01-24 17:00:00  [scheduling-1] ERROR cn.mikulink.rabbitbot.tasks.JobTimeRabbit - 报时兔子 消息发送异常java.lang.NullPointerException
java.lang.NullPointerException: null
	at cn.mikulink.rabbitbot.tasks.JobTimeRabbit.timeRabbit(JobTimeRabbit.java:107)
	at cn.mikulink.rabbitbot.tasks.JobTimeRabbit.execute(JobTimeRabbit.java:71)
	at java.base/jdk.internal.reflect.NativeMethodAccessorImpl.invoke0(Native Method)
	at java.base/jdk.internal.reflect.NativeMethodAccessorImpl.invoke(NativeMethodAccessorImpl.java:62)
	at java.base/jdk.internal.reflect.DelegatingMethodAccessorImpl.invoke(DelegatingMethodAccessorImpl.java:43)
	at java.base/java.lang.reflect.Method.invoke(Method.java:566)
	at org.springframework.scheduling.support.ScheduledMethodRunnable.run(ScheduledMethodRunnable.java:84)
	at org.springframework.scheduling.support.DelegatingErrorHandlingRunnable.run(DelegatingErrorHandlingRunnable.java:54)
	at org.springframework.scheduling.concurrent.ReschedulingRunnable.run(ReschedulingRunnable.java:95)
	at java.base/java.util.concurrent.Executors$RunnableAdapter.call(Executors.java:515)
	at java.base/java.util.concurrent.FutureTask.run(FutureTask.java:264)
	at java.base/java.util.concurrent.ScheduledThreadPoolExecutor$ScheduledFutureTask.run(ScheduledThreadPoolExecutor.java:304)
	at java.base/java.util.concurrent.ThreadPoolExecutor.runWorker(ThreadPoolExecutor.java:1128)
	at java.base/java.util.concurrent.ThreadPoolExecutor$Worker.run(ThreadPoolExecutor.java:628)
	at java.base/java.lang.Thread.run(Thread.java:829)
2022-01-24 17:21:00  [scheduling-1] ERROR cn.mikulink.rabbitbot.tasks.JobMain - 微博消息推送执行异常:java.io.IOException: Server returned HTTP response code: 403 for URL: https://api.weibo.com/2/statuses/home_timeline.json?access_token=%E5%BE%AE%E5%8D%9Atoken&count=10&page=1&since_id=4684978178756026
java.io.IOException: Server returned HTTP response code: 403 for URL: https://api.weibo.com/2/statuses/home_timeline.json?access_token=%E5%BE%AE%E5%8D%9Atoken&count=10&page=1&since_id=4684978178756026
	at java.base/sun.net.www.protocol.http.HttpURLConnection.getInputStream0(HttpURLConnection.java:1924)
	at java.base/sun.net.www.protocol.http.HttpURLConnection.getInputStream(HttpURLConnection.java:1520)
	at java.base/sun.net.www.protocol.https.HttpsURLConnectionImpl.getInputStream(HttpsURLConnectionImpl.java:250)
	at cn.mikulink.rabbitbot.utils.HttpsUtil.doGet(HttpsUtil.java:56)
	at cn.mikulink.rabbitbot.utils.HttpsUtil.doGet(HttpsUtil.java:51)
	at cn.mikulink.rabbitbot.utils.HttpsUtil.doGet(HttpsUtil.java:47)
	at cn.mikulink.rabbitbot.apirequest.weibo.WeiboHomeTimelineGet.doRequest(WeiboHomeTimelineGet.java:71)
	at cn.mikulink.rabbitbot.service.WeiboNewsService.getWeiboNews(WeiboNewsService.java:78)
	at cn.mikulink.rabbitbot.service.WeiboNewsService.doPushWeiboNews(WeiboNewsService.java:147)
	at cn.mikulink.rabbitbot.tasks.JobMain.weiboNews(JobMain.java:128)
	at cn.mikulink.rabbitbot.tasks.JobMain.execute(JobMain.java:61)
	at jdk.internal.reflect.GeneratedMethodAccessor37.invoke(Unknown Source)
	at java.base/jdk.internal.reflect.DelegatingMethodAccessorImpl.invoke(DelegatingMethodAccessorImpl.java:43)
	at java.base/java.lang.reflect.Method.invoke(Method.java:566)
	at org.springframework.scheduling.support.ScheduledMethodRunnable.run(ScheduledMethodRunnable.java:84)
	at org.springframework.scheduling.support.DelegatingErrorHandlingRunnable.run(DelegatingErrorHandlingRunnable.java:54)
	at org.springframework.scheduling.concurrent.ReschedulingRunnable.run(ReschedulingRunnable.java:95)
	at java.base/java.util.concurrent.Executors$RunnableAdapter.call(Executors.java:515)
	at java.base/java.util.concurrent.FutureTask.run(FutureTask.java:264)
	at java.base/java.util.concurrent.ScheduledThreadPoolExecutor$ScheduledFutureTask.run(ScheduledThreadPoolExecutor.java:304)
	at java.base/java.util.concurrent.ThreadPoolExecutor.runWorker(ThreadPoolExecutor.java:1128)
	at java.base/java.util.concurrent.ThreadPoolExecutor$Worker.run(ThreadPoolExecutor.java:628)
	at java.base/java.lang.Thread.run(Thread.java:829)
2022-01-24 17:36:00  [scheduling-1] ERROR cn.mikulink.rabbitbot.tasks.JobMain - B站视频动态推送执行异常:java.net.UnknownHostException: api.vc.bilibili.com
java.net.UnknownHostException: api.vc.bilibili.com
	at java.base/java.net.AbstractPlainSocketImpl.connect(AbstractPlainSocketImpl.java:220)
	at java.base/java.net.SocksSocketImpl.connect(SocksSocketImpl.java:392)
	at java.base/java.net.Socket.connect(Socket.java:609)
	at java.base/sun.security.ssl.SSLSocketImpl.connect(SSLSocketImpl.java:289)
	at java.base/sun.net.NetworkClient.doConnect(NetworkClient.java:177)
	at java.base/sun.net.www.http.HttpClient.openServer(HttpClient.java:474)
	at java.base/sun.net.www.http.HttpClient.openServer(HttpClient.java:569)
	at java.base/sun.net.www.protocol.https.HttpsClient.<init>(HttpsClient.java:265)
	at java.base/sun.net.www.protocol.https.HttpsClient.New(HttpsClient.java:372)
	at java.base/sun.net.www.protocol.https.AbstractDelegateHttpsURLConnection.getNewHttpClient(AbstractDelegateHttpsURLConnection.java:203)
	at java.base/sun.net.www.protocol.http.HttpURLConnection.plainConnect0(HttpURLConnection.java:1187)
	at java.base/sun.net.www.protocol.http.HttpURLConnection.plainConnect(HttpURLConnection.java:1081)
	at java.base/sun.net.www.protocol.https.AbstractDelegateHttpsURLConnection.connect(AbstractDelegateHttpsURLConnection.java:189)
	at java.base/sun.net.www.protocol.http.HttpURLConnection.getInputStream0(HttpURLConnection.java:1592)
	at java.base/sun.net.www.protocol.http.HttpURLConnection.getInputStream(HttpURLConnection.java:1520)
	at java.base/sun.net.www.protocol.https.HttpsURLConnectionImpl.getInputStream(HttpsURLConnectionImpl.java:250)
	at cn.mikulink.rabbitbot.utils.HttpsUtil.doGet(HttpsUtil.java:56)
	at cn.mikulink.rabbitbot.apirequest.bilibili.BilibiliDynamicSvrGet.doRequest(BilibiliDynamicSvrGet.java:62)
	at cn.mikulink.rabbitbot.service.BilibiliService.doDynamicSvrPush(BilibiliService.java:66)
	at cn.mikulink.rabbitbot.tasks.JobMain.biliDynamicSvrPush(JobMain.java:110)
	at cn.mikulink.rabbitbot.tasks.JobMain.execute(JobMain.java:58)
	at jdk.internal.reflect.GeneratedMethodAccessor37.invoke(Unknown Source)
	at java.base/jdk.internal.reflect.DelegatingMethodAccessorImpl.invoke(DelegatingMethodAccessorImpl.java:43)
	at java.base/java.lang.reflect.Method.invoke(Method.java:566)
	at org.springframework.scheduling.support.ScheduledMethodRunnable.run(ScheduledMethodRunnable.java:84)
	at org.springframework.scheduling.support.DelegatingErrorHandlingRunnable.run(DelegatingErrorHandlingRunnable.java:54)
	at org.springframework.scheduling.concurrent.ReschedulingRunnable.run(ReschedulingRunnable.java:95)
	at java.base/java.util.concurrent.Executors$RunnableAdapter.call(Executors.java:515)
	at java.base/java.util.concurrent.FutureTask.run(FutureTask.java:264)
	at java.base/java.util.concurrent.ScheduledThreadPoolExecutor$ScheduledFutureTask.run(ScheduledThreadPoolExecutor.java:304)
	at java.base/java.util.concurrent.ThreadPoolExecutor.runWorker(ThreadPoolExecutor.java:1128)
	at java.base/java.util.concurrent.ThreadPoolExecutor$Worker.run(ThreadPoolExecutor.java:628)
	at java.base/java.lang.Thread.run(Thread.java:829)
